{
  "stats": {
    "suites": 1,
    "tests": 1,
    "passes": 0,
    "pending": 1,
    "failures": 0,
    "start": "2023-08-25T12:24:15.049Z",
    "end": "2023-08-25T12:24:15.064Z",
    "duration": 15,
    "testsRegistered": 1,
    "passPercent": null,
    "pendingPercent": 100,
    "other": 0,
    "hasOther": false,
    "skipped": 0,
    "hasSkipped": false
  },
  "results": [
    {
      "uuid": "46c74813-b228-42b8-b8a5-bd74e76265f8",
      "title": "",
      "fullFile": "cypress\\e2e\\Tests\\Task3_RFQ\\RFQ.cy.js",
      "file": "cypress\\e2e\\Tests\\Task3_RFQ\\RFQ.cy.js",
      "beforeHooks": [],
      "afterHooks": [],
      "tests": [],
      "suites": [
        {
          "uuid": "8e00a8f9-c2b4-4836-8dd2-18a0e142531f",
          "title": "Test RFQ Form",
          "fullFile": "",
          "file": "",
          "beforeHooks": [],
          "afterHooks": [],
          "tests": [
            {
              "title": "Create New RFQ",
              "fullTitle": "Test RFQ Form Create New RFQ",
              "timedOut": null,
              "duration": 0,
              "state": "pending",
              "speed": null,
              "pass": false,
              "fail": false,
              "pending": true,
              "context": null,
              "code": "var productName = 'Samsung Galaxy A73 5G Smartphone 256GB/8GB RAM - Awesome Grey';\nvar quantity = '10';\nvar unitPrice = '1000';\nvar expireDay = '25';\nvar expireMonth = 'September';\nvar expireYear = '2023';\nvar destination = 'Andorra';\nvar city = 'Andorra la Vella';\nrfq.Enter_Product_Name(productName);\nrfq.EnterQuantity(quantity);\nrfq.Enter_Unit_Price(unitPrice);\nrfq.pick_Expire_Date(expireDay, expireMonth, expireYear);\nrfq.choose_Ship_Destination(destination);\nrfq.choose_Shiping_City(city);\nrfq.submit_RFQ();\ncy.wait(8000);\nrfq.validate_RFQ_Submitted();\nrfq.validate_RFQ_URL_Submittion();",
              "err": {},
              "uuid": "bf90b1c5-d923-48a3-85a8-bd2c30263ba6",
              "parentUUID": "8e00a8f9-c2b4-4836-8dd2-18a0e142531f",
              "isHook": false,
              "skipped": false
            }
          ],
          "suites": [],
          "passes": [],
          "failures": [],
          "pending": [
            "bf90b1c5-d923-48a3-85a8-bd2c30263ba6"
          ],
          "skipped": [],
          "duration": 0,
          "root": false,
          "rootEmpty": false,
          "_timeout": 2000
        }
      ],
      "passes": [],
      "failures": [],
      "pending": [],
      "skipped": [],
      "duration": 0,
      "root": true,
      "rootEmpty": true,
      "_timeout": 2000
    }
  ],
  "meta": {
    "mocha": {
      "version": "7.0.1"
    },
    "mochawesome": {
      "options": {
        "quiet": false,
        "reportFilename": "mochawesome",
        "saveHtml": false,
        "saveJson": true,
        "consoleReporter": "spec",
        "useInlineDiffs": false,
        "code": true
      },
      "version": "7.1.3"
    },
    "marge": {
      "options": {
        "charts": true,
        "overwrite": false,
        "html": false,
        "json": true,
        "reportDir": "cypress/reports"
      },
      "version": "6.2.0"
    }
  }
}