{
  "stats": {
    "suites": 1,
    "tests": 1,
    "passes": 0,
    "pending": 0,
    "failures": 1,
    "start": "2023-08-25T12:25:25.853Z",
    "end": "2023-08-25T12:26:14.726Z",
    "duration": 48873,
    "testsRegistered": 1,
    "passPercent": 0,
    "pendingPercent": 0,
    "other": 1,
    "hasOther": true,
    "skipped": 0,
    "hasSkipped": false
  },
  "results": [
    {
      "uuid": "9cf18d5e-cc4c-4e02-b72a-54c5455a9664",
      "title": "",
      "fullFile": "cypress\\e2e\\Tests\\Task2_AddtoCart\\addtoCart.cy.js",
      "file": "cypress\\e2e\\Tests\\Task2_AddtoCart\\addtoCart.cy.js",
      "beforeHooks": [],
      "afterHooks": [],
      "tests": [],
      "suites": [
        {
          "uuid": "1de64d1e-f270-404e-9d6c-5424d157cc5e",
          "title": "Add Item to Cart",
          "fullFile": "",
          "file": "",
          "beforeHooks": [],
          "afterHooks": [],
          "tests": [
            {
              "title": "Check adding Item to Cart",
              "fullTitle": "Add Item to Cart Check adding Item to Cart",
              "timedOut": null,
              "duration": 257,
              "state": "failed",
              "speed": null,
              "pass": false,
              "fail": true,
              "pending": false,
              "context": null,
              "code": "addtoCart.searchFor('Lenovo thinkpad');\naddtoCart.SearchResults_selectItem(0);\ncy.wait(2000);\naddtoCart.addItemtoCart();\naddtoCart.gotoCartSidebarButton();\naddtoCart.Validate_Item_In_Cart();",
              "err": {
                "message": "CypressError: `cy.click()` failed because it requires a DOM element.\n\nNo elements in the current DOM matched your query:\n\n  > cy.get([data-testid=\"cart-remove-cta\"])\n\nBecause this error occurred during a `after each` hook we are skipping the remaining tests in the current suite: `Add Item to Cart`",
                "estack": "CypressError: `cy.click()` failed because it requires a DOM element.\n\nNo elements in the current DOM matched your query:\n\n  > cy.get([data-testid=\"cart-remove-cta\"])\n\nBecause this error occurred during a `after each` hook we are skipping the remaining tests in the current suite: `Add Item to Cart`\n    at isElement (https://www.tradeling.com/__cypress/runner/cypress_runner.js:144409:62)\n    at validateType (https://www.tradeling.com/__cypress/runner/cypress_runner.js:144267:14)\n    at Object.isType (https://www.tradeling.com/__cypress/runner/cypress_runner.js:144298:7)\n    at $Cy.pushSubject (https://www.tradeling.com/__cypress/runner/cypress_runner.js:138009:22)\n    at wrapped (https://www.tradeling.com/__cypress/runner/cypress_runner.js:137582:19)\nFrom Your Spec Code:\n    at AddtoCart.remove_Item_from_Cart (webpack://viwell_automation_task/./cypress/e2e/Pages/Add_to_Cart_Page.js:49:40)\n    at Context.eval (webpack://viwell_automation_task/./cypress/e2e/Tests/Task2_AddtoCart/addtoCart.cy.js:28:18)",
                "diff": null
              },
              "uuid": "ee2d0e09-3fa8-4a3e-ac7c-485faf1bf64d",
              "parentUUID": "1de64d1e-f270-404e-9d6c-5424d157cc5e",
              "isHook": false,
              "skipped": false
            }
          ],
          "suites": [],
          "passes": [],
          "failures": [
            "ee2d0e09-3fa8-4a3e-ac7c-485faf1bf64d"
          ],
          "pending": [],
          "skipped": [],
          "duration": 257,
          "root": false,
          "rootEmpty": false,
          "_timeout": 2000
        }
      ],
      "passes": [],
      "failures": [],
      "pending": [],
      "skipped": [],
      "duration": 0,
      "root": true,
      "rootEmpty": true,
      "_timeout": 2000
    }
  ],
  "meta": {
    "mocha": {
      "version": "7.0.1"
    },
    "mochawesome": {
      "options": {
        "quiet": false,
        "reportFilename": "mochawesome",
        "saveHtml": false,
        "saveJson": true,
        "consoleReporter": "spec",
        "useInlineDiffs": false,
        "code": true
      },
      "version": "7.1.3"
    },
    "marge": {
      "options": {
        "charts": true,
        "overwrite": false,
        "html": false,
        "json": true,
        "reportDir": "cypress/reports"
      },
      "version": "6.2.0"
    }
  }
}